<?xml version="1.0" encoding="UTF-8"?>
<testsuites name="git1" time="144.24" tests="1" failures="0" errors="0">
   <testsuite name="git1" tests="1" failures="0" errors="0" time="144.24" skipped="0" timestamp="2023-07-10 14:46:27" hostname="manisha.kamble - INBL01LAP30379.brd.g-c-i.com" id="Test Suites/git1">
      <properties>
[...]
</properties>
      <testcase name="Test Cases/test1" time="143.958" classname="Test Cases/test1" status="PASSED">
         <system-out><![CDATA[2023-07-10 14:46:27 - [TEST_CASE][PASSED] - Test Cases/test1: Test Cases/test1

2023-07-10 14:46:28 - [TEST_STEP][PASSED] - openBrowser(""): Browser is opened with url: ''

2023-07-10 14:46:28 - [MESSAGE][INFO] - User set preference: ['os', 'windows']

2023-07-10 14:46:28 - [MESSAGE][INFO] - User set preference: ['browserName', 'msedge']

2023-07-10 14:46:28 - [MESSAGE][INFO] - User set preference: ['browserVersion', '114']

2023-07-10 14:46:28 - [MESSAGE][INFO] - User set preference: ['katalon:option', '{organizationId=1191570, tunnelId=, usingTunnel=false}']

2023-07-10 14:46:28 - [MESSAGE][INFO] - Connecting to remote web server 'testcloud.katalon.com/hub' with type 'Selenium'

2023-07-10 14:46:29 - [MESSAGE][INFO] - Action delay is set to 0 milliseconds

2023-07-10 14:48:32 - [MESSAGE][PASSED] - Browser is opened with url: ''

2023-07-10 14:48:32 - [TEST_STEP][PASSED] - navigateToUrl("https://www.interviewbit.com/javascript-interview-questions/"): Navigate to 'https://www.interviewbit.com/javascript-interview-questions/' successfully

2023-07-10 14:48:42 - [MESSAGE][PASSED] - Navigate to 'https://www.interviewbit.com/javascript-interview-questions/' successfully

2023-07-10 14:48:42 - [TEST_STEP][PASSED] - click(findTestObject("Object Repository/git1/Page_JavaScript Interview Questions and Ans_8879ef/h1_JavaScript  Interview Questions")): Object: 'Object Repository/git1/Page_JavaScript Interview Questions and Ans_8879ef/h1_JavaScript  Interview Questions' is clicked on

2023-07-10 14:48:49 - [MESSAGE][PASSED] - Object: 'Object Repository/git1/Page_JavaScript Interview Questions and Ans_8879ef/h1_JavaScript  Interview Questions' is clicked on

2023-07-10 14:48:49 - [TEST_STEP][PASSED] - closeBrowser(): Browser is closed

2023-07-10 14:48:51 - [MESSAGE][PASSED] - Browser is closed]]></system-out>
         <system-err><![CDATA[]]></system-err>
      </testcase>
      <system-out><![CDATA[2023-07-10 14:46:27 - [TEST_SUITE][PASSED] - git1: Test Cases/test1]]></system-out>
      <system-err><![CDATA[]]></system-err>
   </testsuite>
</testsuites>
