<?xml version="1.0" encoding="UTF-8"?>
<testsuites name="TS3" time="135.527" tests="1" failures="0" errors="0">
   <testsuite name="TS3" tests="1" failures="0" errors="0" time="135.527" skipped="0" timestamp="2023-07-10 15:02:52" hostname="manisha.kamble - INBL01LAP30379.brd.g-c-i.com" id="Test Suites/TS3">
      <properties>
[...]
</properties>
      <testcase name="Test Cases/testCase2" time="135.263" classname="Test Cases/testCase2" status="PASSED">
         <system-out><![CDATA[2023-07-10 15:02:52 - [TEST_CASE][PASSED] - Test Cases/testCase2: Test Cases/testCase2

2023-07-10 15:02:52 - [TEST_STEP][PASSED] - openBrowser(""): Browser is opened with url: ''

2023-07-10 15:02:52 - [MESSAGE][INFO] - User set preference: ['os', 'windows']

2023-07-10 15:02:52 - [MESSAGE][INFO] - User set preference: ['browserName', 'msedge']

2023-07-10 15:02:52 - [MESSAGE][INFO] - User set preference: ['browserVersion', '114']

2023-07-10 15:02:52 - [MESSAGE][INFO] - User set preference: ['katalon:option', '{organizationId=1191570, tunnelId=, usingTunnel=false}']

2023-07-10 15:02:52 - [MESSAGE][INFO] - Connecting to remote web server 'testcloud.katalon.com/hub' with type 'Selenium'

2023-07-10 15:02:53 - [MESSAGE][INFO] - Action delay is set to 0 milliseconds

2023-07-10 15:04:26 - [MESSAGE][PASSED] - Browser is opened with url: ''

2023-07-10 15:04:26 - [TEST_STEP][PASSED] - navigateToUrl("https://opensource-demo.orangehrmlive.com/web/index.php/auth/login"): Navigate to 'https://opensource-demo.orangehrmlive.com/web/index.php/auth/login' successfully

2023-07-10 15:04:30 - [MESSAGE][PASSED] - Navigate to 'https://opensource-demo.orangehrmlive.com/web/index.php/auth/login' successfully

2023-07-10 15:04:30 - [TEST_STEP][PASSED] - setText(findTestObject("Object Repository/TestCase2/Page_OrangeHRM/input_Username_username"), "Admin"): Text 'Admin' is set on object 'Object Repository/TestCase2/Page_OrangeHRM/input_Username_username'

2023-07-10 15:04:45 - [MESSAGE][PASSED] - Text 'Admin' is set on object 'Object Repository/TestCase2/Page_OrangeHRM/input_Username_username'

2023-07-10 15:04:45 - [TEST_STEP][PASSED] - setEncryptedText(findTestObject("Object Repository/TestCase2/Page_OrangeHRM/input_Password_password"), "hUKwJTbofgPU9eVlw/CnDQ=="): Text ****** has been set on object 'Object Repository/TestCase2/Page_OrangeHRM/input_Password_password'

2023-07-10 15:04:51 - [MESSAGE][PASSED] - Text ****** has been set on object 'Object Repository/TestCase2/Page_OrangeHRM/input_Password_password'

2023-07-10 15:04:51 - [TEST_STEP][PASSED] - click(findTestObject("Object Repository/TestCase2/Page_OrangeHRM/button_Login")): Object: 'Object Repository/TestCase2/Page_OrangeHRM/button_Login' is clicked on

2023-07-10 15:04:54 - [MESSAGE][PASSED] - Object: 'Object Repository/TestCase2/Page_OrangeHRM/button_Login' is clicked on

2023-07-10 15:04:54 - [TEST_STEP][PASSED] - click(findTestObject("Object Repository/TestCase2/Page_OrangeHRM/h6_Dashboard")): Object: 'Object Repository/TestCase2/Page_OrangeHRM/h6_Dashboard' is clicked on

2023-07-10 15:04:59 - [MESSAGE][PASSED] - Object: 'Object Repository/TestCase2/Page_OrangeHRM/h6_Dashboard' is clicked on

2023-07-10 15:04:59 - [TEST_STEP][PASSED] - click(findTestObject("Object Repository/TestCase2/Page_OrangeHRM/i_Dashboard_oxd-icon bi-caret-down-fill oxd_d2fd49")): Object: 'Object Repository/TestCase2/Page_OrangeHRM/i_Dashboard_oxd-icon bi-caret-down-fill oxd_d2fd49' is clicked on

2023-07-10 15:05:02 - [MESSAGE][PASSED] - Object: 'Object Repository/TestCase2/Page_OrangeHRM/i_Dashboard_oxd-icon bi-caret-down-fill oxd_d2fd49' is clicked on

2023-07-10 15:05:02 - [TEST_STEP][PASSED] - click(findTestObject("Object Repository/TestCase2/Page_OrangeHRM/a_Logout")): Object: 'Object Repository/TestCase2/Page_OrangeHRM/a_Logout' is clicked on

2023-07-10 15:05:05 - [MESSAGE][PASSED] - Object: 'Object Repository/TestCase2/Page_OrangeHRM/a_Logout' is clicked on

2023-07-10 15:05:05 - [TEST_STEP][PASSED] - closeBrowser(): Browser is closed

2023-07-10 15:05:07 - [MESSAGE][PASSED] - Browser is closed]]></system-out>
         <system-err><![CDATA[]]></system-err>
      </testcase>
      <system-out><![CDATA[2023-07-10 15:02:52 - [TEST_SUITE][PASSED] - TS3: Test Cases/testCase2]]></system-out>
      <system-err><![CDATA[]]></system-err>
   </testsuite>
</testsuites>
